<?xml version="1.0" encoding="UTF-8"?>
<testsuite xmlns:xsi="http://www.w3.org/2001/XMLSchema-instance" xsi:noNamespaceSchemaLocation="https://maven.apache.org/surefire/maven-surefire-plugin/xsd/surefire-test-report-3.0.xsd" version="3.0" name="Vector2fTest" time="0.013" tests="13" errors="0" skipped="0" failures="0">
  <properties>
[...]
</properties>
  <testcase name="testDivideByZero" classname="Vector2fTest" time="0.002"/>
  <testcase name="testToString" classname="Vector2fTest" time="0.005"/>
  <testcase name="testConstructorAndGetters" classname="Vector2fTest" time="0.001"/>
  <testcase name="testAddition" classname="Vector2fTest" time="0.0"/>
  <testcase name="testNormalizeZeroVector" classname="Vector2fTest" time="0.001"/>
  <testcase name="testDotProduct" classname="Vector2fTest" time="0.0"/>
  <testcase name="testOperationsWithZeroVector" classname="Vector2fTest" time="0.001"/>
  <testcase name="testNormalize" classname="Vector2fTest" time="0.0"/>
  <testcase name="testDivide" classname="Vector2fTest" time="0.0"/>
  <testcase name="testMultiply" classname="Vector2fTest" time="0.001"/>
  <testcase name="testEqualsAndHashCode" classname="Vector2fTest" time="0.0"/>
  <testcase name="testLength" classname="Vector2fTest" time="0.001"/>
  <testcase name="testSubtraction" classname="Vector2fTest" time="0.001"/>
</testsuite>